2017-05-03T23:57:52.362+0800 | [thread:com.lol.util.ExcuteExeUtil.main()] | ERROR | com.lol.util.ExcuteExeUtil | ExcuteExeUtil.java | line:65 | Error exec : E:\workspaces\IntelliJ13.1\LOL_Branch\yzh\Frameworksrcmainjava\com\lol\protobuf\MessageUp.bat (系统找不到指定的路径。)
java.io.FileNotFoundException: E:\workspaces\IntelliJ13.1\LOL_Branch\yzh\Frameworksrcmainjava\com\lol\protobuf\MessageUp.bat (系统找不到指定的路径。)
	at java.io.FileOutputStream.open0(Native Method)
	at java.io.FileOutputStream.open(FileOutputStream.java:270)
	at java.io.FileOutputStream.<init>(FileOutputStream.java:213)
	at java.io.FileOutputStream.<init>(FileOutputStream.java:162)
	at java.io.FileWriter.<init>(FileWriter.java:90)
	at com.lol.util.ExcuteExeUtil.openBat2(ExcuteExeUtil.java:55)
	at com.lol.util.ExcuteExeUtil.main(ExcuteExeUtil.java:138)
	at sun.reflect.NativeMethodAccessorImpl.invoke0(Native Method)
	at sun.reflect.NativeMethodAccessorImpl.invoke(NativeMethodAccessorImpl.java:62)
	at sun.reflect.DelegatingMethodAccessorImpl.invoke(DelegatingMethodAccessorImpl.java:43)
	at java.lang.reflect.Method.invoke(Method.java:498)
	at org.codehaus.mojo.exec.ExecJavaMojo$1.run(ExecJavaMojo.java:294)
	at java.lang.Thread.run(Thread.java:745)
2017-05-03T23:57:52.365+0800 | [thread:com.lol.util.ExcuteExeUtil.main()] | ERROR | com.lol.util.ExcuteExeUtil | ExcuteExeUtil.java | line:65 | Error exec : E:\workspaces\IntelliJ13.1\LOL_Branch\yzh\Frameworksrcmainjava\com\lol\protobuf\MessageDown.bat (系统找不到指定的路径。)
java.io.FileNotFoundException: E:\workspaces\IntelliJ13.1\LOL_Branch\yzh\Frameworksrcmainjava\com\lol\protobuf\MessageDown.bat (系统找不到指定的路径。)
	at java.io.FileOutputStream.open0(Native Method)
	at java.io.FileOutputStream.open(FileOutputStream.java:270)
	at java.io.FileOutputStream.<init>(FileOutputStream.java:213)
	at java.io.FileOutputStream.<init>(FileOutputStream.java:162)
	at java.io.FileWriter.<init>(FileWriter.java:90)
	at com.lol.util.ExcuteExeUtil.openBat2(ExcuteExeUtil.java:55)
	at com.lol.util.ExcuteExeUtil.main(ExcuteExeUtil.java:138)
	at sun.reflect.NativeMethodAccessorImpl.invoke0(Native Method)
	at sun.reflect.NativeMethodAccessorImpl.invoke(NativeMethodAccessorImpl.java:62)
	at sun.reflect.DelegatingMethodAccessorImpl.invoke(DelegatingMethodAccessorImpl.java:43)
	at java.lang.reflect.Method.invoke(Method.java:498)
	at org.codehaus.mojo.exec.ExecJavaMojo$1.run(ExecJavaMojo.java:294)
	at java.lang.Thread.run(Thread.java:745)
2017-05-04T00:05:13.309+0800 | [thread:com.lol.util.ExcuteExeUtil.main()] | ERROR | com.lol.util.ExcuteExeUtil | ExcuteExeUtil.java | line:65 | Error exec : E:\workspaces\IntelliJ13.1\LOL_Branch\yzh\Framework\com\lol\protobuf\MessageUp.bat (系统找不到指定的路径。)
java.io.FileNotFoundException: E:\workspaces\IntelliJ13.1\LOL_Branch\yzh\Framework\com\lol\protobuf\MessageUp.bat (系统找不到指定的路径。)
	at java.io.FileOutputStream.open0(Native Method)
	at java.io.FileOutputStream.open(FileOutputStream.java:270)
	at java.io.FileOutputStream.<init>(FileOutputStream.java:213)
	at java.io.FileOutputStream.<init>(FileOutputStream.java:162)
	at java.io.FileWriter.<init>(FileWriter.java:90)
	at com.lol.util.ExcuteExeUtil.openBat2(ExcuteExeUtil.java:55)
	at com.lol.util.ExcuteExeUtil.main(ExcuteExeUtil.java:138)
	at sun.reflect.NativeMethodAccessorImpl.invoke0(Native Method)
	at sun.reflect.NativeMethodAccessorImpl.invoke(NativeMethodAccessorImpl.java:62)
	at sun.reflect.DelegatingMethodAccessorImpl.invoke(DelegatingMethodAccessorImpl.java:43)
	at java.lang.reflect.Method.invoke(Method.java:498)
	at org.codehaus.mojo.exec.ExecJavaMojo$1.run(ExecJavaMojo.java:294)
	at java.lang.Thread.run(Thread.java:745)
2017-05-04T00:05:13.312+0800 | [thread:com.lol.util.ExcuteExeUtil.main()] | ERROR | com.lol.util.ExcuteExeUtil | ExcuteExeUtil.java | line:65 | Error exec : E:\workspaces\IntelliJ13.1\LOL_Branch\yzh\Framework\com\lol\protobuf\MessageDown.bat (系统找不到指定的路径。)
java.io.FileNotFoundException: E:\workspaces\IntelliJ13.1\LOL_Branch\yzh\Framework\com\lol\protobuf\MessageDown.bat (系统找不到指定的路径。)
	at java.io.FileOutputStream.open0(Native Method)
	at java.io.FileOutputStream.open(FileOutputStream.java:270)
	at java.io.FileOutputStream.<init>(FileOutputStream.java:213)
	at java.io.FileOutputStream.<init>(FileOutputStream.java:162)
	at java.io.FileWriter.<init>(FileWriter.java:90)
	at com.lol.util.ExcuteExeUtil.openBat2(ExcuteExeUtil.java:55)
	at com.lol.util.ExcuteExeUtil.main(ExcuteExeUtil.java:138)
	at sun.reflect.NativeMethodAccessorImpl.invoke0(Native Method)
	at sun.reflect.NativeMethodAccessorImpl.invoke(NativeMethodAccessorImpl.java:62)
	at sun.reflect.DelegatingMethodAccessorImpl.invoke(DelegatingMethodAccessorImpl.java:43)
	at java.lang.reflect.Method.invoke(Method.java:498)
	at org.codehaus.mojo.exec.ExecJavaMojo$1.run(ExecJavaMojo.java:294)
	at java.lang.Thread.run(Thread.java:745)
